<?xml version="1.0" encoding="UTF-8"?>
<!-- Generated by org.testng.reporters.JUnitReportReporter -->
<testsuite hostname="DESKTOP-QMEBHNC" failures="0" tests="3" name="com.herokuapp.tests.AlertsTests" time="16.727" errors="0" timestamp="2024-04-18T21:57:19 MESZ" skipped="0">
  <testcase classname="com.herokuapp.tests.AlertsTests" name="alertJS" time="5.250"/>
  <testcase classname="com.herokuapp.tests.AlertsTests" name="alertJSConfirm" time="4.561"/>
  <testcase classname="com.herokuapp.tests.AlertsTests" name="alertJSPromt" time="6.916"/>
</testsuite> <!-- com.herokuapp.tests.AlertsTests -->
